Java HotSpot(TM) 64-Bit Server VM warning: ignoring option MaxPermSize=384M; support was removed in 8.0
[info] Loading project definition from deeplearning-example/project
[info] Set current project to deeplearning-example (in build deeplearning-example/)
> [info] Defining *:shellPrompt
[info] The new value will be used by no settings or tasks.
[info] Reapplying settings...
[info] Set current project to deeplearning-example (in build deeplearning-example/)
[info] Defining */*:sbtStructureOutputFile
[info] The new value will be used by no settings or tasks.
[info] Reapplying settings...
[info] Set current project to deeplearning-example (in build deeplearning-example/)
[info] Defining */*:sbtStructureOptions
[info] The new value will be used by no settings or tasks.
[info] Reapplying settings...
[info] Set current project to deeplearning-example (in build deeplearning-example/)
[info] Applying State transformations org.jetbrains.sbt.CreateTasks from Library/Application Support/IdeaIC2016.2/Scala/launcher/sbt-structure-0.13.jar
[info] Set current project to deeplearning-example (in build deeplearning-example/)
[info] Updating {deeplearning-example/}deeplearning-example...
[info] Resolving org.scala-lang#scala-library;2.11.8 ...
[info] Resolving org.nd4j#nd4j-native-platform;0.5.0 ...
[info] Resolving org.nd4j#nd4j-native;0.5.0 ...
[info] Resolving org.nd4j#nd4j-native-api;0.5.0 ...
[info] Resolving org.nd4j#nd4j-buffer;0.5.0 ...
[info] Resolving org.nd4j#nd4j-common;0.5.0 ...
[info] Resolving org.slf4j#slf4j-api;1.7.10 ...
[info] Resolving org.reflections#reflections;0.9.10 ...
[info] Resolving com.google.guava#guava;18.0 ...
[info] Resolving org.javassist#javassist;3.18.2-GA ...
[info] Resolving com.google.code.findbugs#annotations;2.0.1 ...
[info] Resolving commons-io#commons-io;2.4 ...
[info] Resolving org.apache.commons#commons-math3;3.4.1 ...
[info] Resolving org.apache.commons#commons-lang3;3.3.1 ...
[info] Resolving org.nd4j#nd4j-context;0.5.0 ...
[info] Resolving org.bytedeco#javacpp;1.2.3 ...
[info] Resolving org.nd4j#nd4j-api;0.5.0 ...
[info] Resolving org.projectlombok#lombok;1.16.4 ...
[info] Resolving org.deeplearning4j#deeplearning4j-core;0.5.0 ...
[info] Resolving org.slf4j#slf4j-api;1.7.12 ...
[info] Resolving ch.qos.logback#logback-classic;1.1.2 ...
[info] Resolving ch.qos.logback#logback-core;1.1.2 ...
[info] Resolving org.apache.commons#commons-compress;1.8 ...
[info] Resolving org.tukaani#xz;1.5 ...
[info] Resolving com.fasterxml.jackson.core#jackson-core;2.5.1 ...
[info] Resolving com.fasterxml.jackson.core#jackson-databind;2.5.1 ...
[info] Resolving org.json#json;20131018 ...
[info] Resolving com.fasterxml.jackson.core#jackson-annotations;2.5.1 ...
[info] Resolving com.fasterxml.jackson.dataformat#jackson-dataformat-yaml;2.5.1 ...
[info] Resolving org.yaml#snakeyaml;1.12 ...
[info] Resolving org.datavec#datavec-nd4j-common;0.5.0 ...
[info] Resolving org.datavec#datavec-api;0.5.0 ...
[info] Resolving com.fasterxml.jackson.datatype#jackson-datatype-joda;2.4.4 ...
[info] Resolving joda-time#joda-time;2.9.2 ...
[info] Resolving org.freemarker#freemarker;2.3.23 ...
[info] Resolving org.datavec#datavec-data-image;0.5.0 ...
[info] Resolving com.github.jai-imageio#jai-imageio-core;1.3.0 ...
[info] Resolving com.twelvemonkeys.imageio#imageio-jpeg;3.1.1 ...
[info] Resolving com.twelvemonkeys.imageio#imageio-metadata;3.1.1 ...
[info] Resolving com.twelvemonkeys.common#common-lang;3.1.1 ...
[info] Resolving com.twelvemonkeys.common#common-io;3.1.1 ...
[info] Resolving com.twelvemonkeys.common#common-image;3.1.1 ...
[info] Resolving com.twelvemonkeys.imageio#imageio-tiff;3.1.1 ...
[info] Resolving com.twelvemonkeys.imageio#imageio-psd;3.1.1 ...
[info] Resolving com.twelvemonkeys.imageio#imageio-bmp;3.1.1 ...
[info] Resolving org.bytedeco#javacv;1.2 ...
[info] Resolving org.bytedeco.javacpp-presets#opencv;3.1.0-1.2 ...
[info] Resolving org.bytedeco.javacpp-presets#ffmpeg;3.0.2-1.2 ...
[info] Resolving org.bytedeco.javacpp-presets#leptonica;1.73-1.2 ...
[info] Resolving org.scala-lang#scala-compiler;2.11.8 ...
[info] Resolving org.scala-lang#scala-reflect;2.11.8 ...
[info] Resolving org.scala-lang.modules#scala-xml_2.11;1.0.4 ...
[info] Resolving org.scala-lang.modules#scala-parser-combinators_2.11;1.0.4 ...
[info] Resolving jline#jline;2.12.1 ...
[warn] 	[FAILED     ] org.nd4j#nd4j-native;0.5.0!nd4j-native.jar:  (0ms)
[warn] ==== local: tried
[warn]   .ivy2/local/org.nd4j/nd4j-native/0.5.0/jars/nd4j-native-${javacpp.platform0}.jar
[warn] ==== jcenter: tried
[warn]   https://jcenter.bintray.com/org/nd4j/nd4j-native/0.5.0/nd4j-native-0.5.0-${javacpp.platform0}.jar
[warn] ==== public: tried
[warn]   https://repo1.maven.org/maven2/org/nd4j/nd4j-native/0.5.0/nd4j-native-0.5.0-${javacpp.platform0}.jar
[warn] 	[FAILED     ] org.nd4j#nd4j-native;0.5.0!nd4j-native.jar:  (0ms)
[warn] ==== local: tried
[warn]   .ivy2/local/org.nd4j/nd4j-native/0.5.0/jars/nd4j-native-${javacpp.platform5}.jar
[warn] ==== jcenter: tried
[warn]   https://jcenter.bintray.com/org/nd4j/nd4j-native/0.5.0/nd4j-native-0.5.0-${javacpp.platform5}.jar
[warn] ==== public: tried
[warn]   https://repo1.maven.org/maven2/org/nd4j/nd4j-native/0.5.0/nd4j-native-0.5.0-${javacpp.platform5}.jar
[warn] 	[FAILED     ] org.nd4j#nd4j-native;0.5.0!nd4j-native.jar:  (0ms)
[warn] ==== local: tried
[warn]   .ivy2/local/org.nd4j/nd4j-native/0.5.0/jars/nd4j-native-${javacpp.platform6}.jar
[warn] ==== jcenter: tried
[warn]   https://jcenter.bintray.com/org/nd4j/nd4j-native/0.5.0/nd4j-native-0.5.0-${javacpp.platform6}.jar
[warn] ==== public: tried
[warn]   https://repo1.maven.org/maven2/org/nd4j/nd4j-native/0.5.0/nd4j-native-0.5.0-${javacpp.platform6}.jar
[warn] 	[FAILED     ] org.nd4j#nd4j-native;0.5.0!nd4j-native.jar:  (0ms)
[warn] ==== local: tried
[warn]   .ivy2/local/org.nd4j/nd4j-native/0.5.0/jars/nd4j-native-${javacpp.platform7}.jar
[warn] ==== jcenter: tried
[warn]   https://jcenter.bintray.com/org/nd4j/nd4j-native/0.5.0/nd4j-native-0.5.0-${javacpp.platform7}.jar
[warn] ==== public: tried
[warn]   https://repo1.maven.org/maven2/org/nd4j/nd4j-native/0.5.0/nd4j-native-0.5.0-${javacpp.platform7}.jar
[warn] 	[FAILED     ] org.nd4j#nd4j-native;0.5.0!nd4j-native.jar:  (0ms)
[warn] ==== local: tried
[warn]   .ivy2/local/org.nd4j/nd4j-native/0.5.0/jars/nd4j-native-${javacpp.platform8}.jar
[warn] ==== jcenter: tried
[warn]   https://jcenter.bintray.com/org/nd4j/nd4j-native/0.5.0/nd4j-native-0.5.0-${javacpp.platform8}.jar
[warn] ==== public: tried
[warn]   https://repo1.maven.org/maven2/org/nd4j/nd4j-native/0.5.0/nd4j-native-0.5.0-${javacpp.platform8}.jar
[warn] 	[FAILED     ] org.nd4j#nd4j-native;0.5.0!nd4j-native.jar:  (0ms)
[warn] ==== local: tried
[warn]   .ivy2/local/org.nd4j/nd4j-native/0.5.0/jars/nd4j-native-${javacpp.platform9}.jar
[warn] ==== jcenter: tried
[warn]   https://jcenter.bintray.com/org/nd4j/nd4j-native/0.5.0/nd4j-native-0.5.0-${javacpp.platform9}.jar
[warn] ==== public: tried
[warn]   https://repo1.maven.org/maven2/org/nd4j/nd4j-native/0.5.0/nd4j-native-0.5.0-${javacpp.platform9}.jar
[warn] 	::::::::::::::::::::::::::::::::::::::::::::::
[warn] 	::              FAILED DOWNLOADS            ::
[warn] 	:: ^ see resolution messages for details  ^ ::
[warn] 	::::::::::::::::::::::::::::::::::::::::::::::
[warn] 	:: org.nd4j#nd4j-native;0.5.0!nd4j-native.jar
[warn] 	:: org.nd4j#nd4j-native;0.5.0!nd4j-native.jar
[warn] 	:: org.nd4j#nd4j-native;0.5.0!nd4j-native.jar
[warn] 	:: org.nd4j#nd4j-native;0.5.0!nd4j-native.jar
[warn] 	:: org.nd4j#nd4j-native;0.5.0!nd4j-native.jar
[warn] 	:: org.nd4j#nd4j-native;0.5.0!nd4j-native.jar
[warn] 	::::::::::::::::::::::::::::::::::::::::::::::
[trace] Stack trace suppressed: run 'last *:update' for the full output.
[trace] Stack trace suppressed: run 'last *:ssExtractDependencies' for the full output.
[error] (*:update) sbt.ResolveException: download failed: org.nd4j#nd4j-native;0.5.0!nd4j-native.jar
[error] (*:ssExtractDependencies) sbt.ResolveException: download failed: org.nd4j#nd4j-native;0.5.0!nd4j-native.jar
[error] Total time: 9 s, completed 25.08.2016 15:38:52

